[14:42:38] [INIT] KubeJS 2001.6.5-build.16; MC 2001 forge
[14:42:38] [INIT] Loaded plugins:
[14:42:38] [INIT] - dev.latvian.mods.kubejs.forge.BuiltinKubeJSForgePlugin
[14:42:38] [INIT] - dev.latvian.mods.kubejs.forge.BuiltinKubeJSForgeClientPlugin
[14:42:38] [INIT] - thedarkcolour.exdeorum.compat.kubejs.ExDeorumKubeJsPlugin
[14:42:38] [INIT] - com.lowdragmc.lowdraglib.kjs.LDLibKubeJSPlugin
[14:42:38] [INIT] - com.sunekaer.sdrp.integration.kubejs.SDRPKubeJSIntegration
[14:42:38] [INIT] - argent_matter.gcyr.integration.kjs.GCYRKubeJSPlugin
[14:42:38] [INIT] - dev.latvian.mods.kubejs.create.KubeJSCreatePlugin
[14:42:38] [INIT] - com.almostreliable.lootjs.kube.LootJSPlugin
[14:42:38] [INIT] - com.blakebr0.cucumber.compat.kubejs.CucumberKubeJSPlugin
[14:42:38] [INIT] - com.gregtechceu.gtceu.integration.kjs.GregTechKubeJSPlugin
[14:42:39] [INFO] Loaded script server_scripts:mods/create/create.common.js in 0.001 s
[14:42:39] [INFO] Loaded script server_scripts:mods/create/create.draconic.js in 0.001 s
[14:42:39] [INFO] Loaded script server_scripts:mods/create/create.gregtech.js in 0.0 s
[14:42:39] [INFO] Loaded script server_scripts:mods/create/create.immersive.js in 0.0 s
[14:42:39] [INFO] Loaded script server_scripts:mods/create/create.mekanism.js in 0.0 s
[14:42:39] [INFO] Loaded script server_scripts:mods/create/create.powah.js in 0.0 s
[14:42:39] [INFO] Loaded script server_scripts:mods/create/create.thermal.js in 0.0 s
[14:42:39] [INFO] Loaded script server_scripts:mods/create/_helpers.js in 0.001 s
[14:42:39] [INFO] Loaded script server_scripts:mods/exdeorum/pebbles.js in 0.001 s
[14:42:39] [INFO] Loaded script server_scripts:mods/exdeorum/sieveremovals.js in 0.0 s
[14:42:39] [INFO] Loaded script server_scripts:mods/exdeorum/sieve_overrides.js in 0.0 s
[14:42:39] [INFO] Loaded script server_scripts:mods/minecraft/recipes.js in 0.0 s
[14:42:39] [ERROR] ! function mixing(event, result, ingredients, heating = false) {#21: missing ) after formal parameters
[14:42:39] [ERROR] ! …rhino.EvaluatorException: missing ) after formal parameters (server_scripts:recipes.js#21)
[14:42:39] [ERROR] !   at …rhino.DefaultErrorReporter.runtimeError(DefaultErrorReporter.java:67)
[14:42:39] [ERROR] !   at …rhino.DefaultErrorReporter.error(DefaultErrorReporter.java:58)
[14:42:39] [ERROR] !   at …rhino.Parser.addError(Parser.java:281)
[14:42:39] [ERROR] !   at …rhino.Parser.reportError(Parser.java:335)
[14:42:39] [ERROR] !   at …rhino.Parser.reportError(Parser.java:331)
[14:42:39] [ERROR] !   at …rhino.Parser.mustMatchToken(Parser.java:446)
[14:42:39] [ERROR] !   at …rhino.Parser.mustMatchToken(Parser.java:439)
[14:42:39] [ERROR] !   at …rhino.Parser.parseFunctionParams(Parser.java:770)
[14:42:39] [ERROR] !   at …rhino.Parser.function(Parser.java:829)
[14:42:39] [ERROR] !   at …rhino.Parser.function(Parser.java:776)
[14:42:39] [ERROR] !   at …rhino.Parser.parse(Parser.java:576)
[14:42:39] [ERROR] !   at …rhino.Parser.parse(Parser.java:532)
[14:42:39] [ERROR] !   at …rhino.Context.parse(Context.java:1088)
[14:42:39] [ERROR] !   at …rhino.Context.compileImpl(Context.java:1050)
[14:42:39] [ERROR] !   at …rhino.Context.compileString(Context.java:654)
[14:42:39] [ERROR] !   at …rhino.Context.compileString(Context.java:649)
[14:42:39] [ERROR] !   at …rhino.Context.evaluateString(Context.java:571)
[14:42:39] [ERROR] !   at …kubejs.script.ScriptFile.load(ScriptFile.java:17)
[14:42:39] [ERROR] !   at …kubejs.script.ScriptManager.load(ScriptManager.java:217)
[14:42:39] [ERROR] !   at …kubejs.script.ScriptManager.reload(ScriptManager.java:78)
[14:42:39] [ERROR] !   at …kubejs.server.ServerScriptManager.wrapResourceManager(ServerScriptManager.java:85)
[14:42:39] [ERROR] !   at net.minecraft.server.WorldLoader$PackConfig.localvar$dpe000$injectKubeJSPacks(WorldLoader.java:1015)
[14:42:39] [ERROR] !   at net.minecraft.server.WorldLoader$PackConfig.m_214399_(WorldLoader.java:80)
[14:42:39] [ERROR] !   at net.minecraft.server.WorldLoader.m_214362_(WorldLoader.java:28)
[14:42:39] [ERROR] !   at net.minecraft.client.gui.screens.worldselection.WorldOpenFlows.m_246486_(WorldOpenFlows.java:162)
[14:42:39] [ERROR] !   at net.minecraft.client.gui.screens.worldselection.WorldOpenFlows.m_233122_(WorldOpenFlows.java:113)
[14:42:39] [ERROR] !   at net.minecraft.client.gui.screens.worldselection.WorldOpenFlows.doLoadLevel(WorldOpenFlows.java:181)
[14:42:39] [ERROR] !   at net.minecraft.client.gui.screens.worldselection.WorldOpenFlows.m_233145_(WorldOpenFlows.java:169)
[14:42:39] [ERROR] !   at net.minecraft.client.gui.screens.worldselection.WorldOpenFlows.m_233133_(WorldOpenFlows.java:65)
[14:42:39] [ERROR] !   at net.minecraft.client.gui.screens.worldselection.WorldSelectionList$WorldListEntry.m_101744_(WorldSelectionList.java:575)
[14:42:39] [ERROR] !   at net.minecraft.client.gui.screens.worldselection.WorldSelectionList$WorldListEntry.m_101704_(WorldSelectionList.java:474)
[14:42:39] [ERROR] !   at net.minecraft.client.gui.screens.worldselection.WorldSelectionList$WorldListEntry.m_6375_(WorldSelectionList.java:413)
[14:42:39] [ERROR] !   at net.minecraft.client.gui.components.AbstractSelectionList.m_6375_(AbstractSelectionList.java:298)
[14:42:39] [ERROR] !   at net.minecraft.client.gui.components.events.ContainerEventHandler.m_6375_(ContainerEventHandler.java:38)
[14:42:39] [ERROR] !   at net.minecraft.client.MouseHandler.m_168084_(MouseHandler.java:92)
[14:42:39] [ERROR] !   at net.minecraft.client.gui.screens.Screen.m_96579_(Screen.java:437)
[14:42:39] [ERROR] !   at net.minecraft.client.MouseHandler.m_91530_(MouseHandler.java:89)
[14:42:39] [ERROR] !   at net.minecraft.client.MouseHandler.m_168091_(MouseHandler.java:189)
[14:42:39] [ERROR] !   at net.minecraft.util.thread.BlockableEventLoop.execute(BlockableEventLoop.java:102)
[14:42:39] [ERROR] !   at net.minecraft.client.MouseHandler.m_91565_(MouseHandler.java:188)
[14:42:39] [ERROR] !   at MC-BOOTSTRAP/org.lwjgl.glfw@3.3.1+7/org.lwjgl.glfw.GLFWMouseButtonCallbackI.callback(GLFWMouseButtonCallbackI.java:43)
[14:42:39] [ERROR] !   at MC-BOOTSTRAP/org.lwjgl@3.3.1+7/org.lwjgl.system.JNI.invokeV(Native Method)
[14:42:39] [ERROR] !   at MC-BOOTSTRAP/org.lwjgl.glfw@3.3.1+7/org.lwjgl.glfw.GLFW.glfwWaitEventsTimeout(GLFW.java:3474)
[14:42:39] [ERROR] !   at com.mojang.blaze3d.systems.RenderSystem.limitDisplayFPS(RenderSystem.java:237)
[14:42:39] [ERROR] !   at net.minecraft.client.Minecraft.m_91383_(Minecraft.java:1173)
[14:42:39] [ERROR] !   at net.minecraft.client.Minecraft.m_91374_(Minecraft.java:718)
[14:42:39] [ERROR] !   at net.minecraft.client.main.Main.main(Main.java:218)
[14:42:39] [ERROR] !   at java.lang.reflect.Method.invoke(Method.java:569)
[14:42:39] [ERROR] !   at MC-BOOTSTRAP/fmlloader@1.20.1-47.4.9/net.minecraftforge.fml.loading.targets.CommonLaunchHandler.runTarget(CommonLaunchHandler.java:111)
[14:42:39] [ERROR] !   at MC-BOOTSTRAP/fmlloader@1.20.1-47.4.9/net.minecraftforge.fml.loading.targets.CommonLaunchHandler.clientService(CommonLaunchHandler.java:99)
[14:42:39] [ERROR] !   at MC-BOOTSTRAP/fmlloader@1.20.1-47.4.9/net.minecraftforge.fml.loading.targets.CommonClientLaunchHandler.lambda$makeService$0(CommonClientLaunchHandler.java:25)
[14:42:39] [ERROR] !   at MC-BOOTSTRAP/cpw.mods.modlauncher@10.0.9/cpw.mods.modlauncher.LaunchServiceHandlerDecorator.launch(LaunchServiceHandlerDecorator.java:30)
[14:42:39] [ERROR] !   at MC-BOOTSTRAP/cpw.mods.modlauncher@10.0.9/cpw.mods.modlauncher.LaunchServiceHandler.launch(LaunchServiceHandler.java:53)
[14:42:39] [ERROR] !   at MC-BOOTSTRAP/cpw.mods.modlauncher@10.0.9/cpw.mods.modlauncher.LaunchServiceHandler.launch(LaunchServiceHandler.java:71)
[14:42:39] [ERROR] !   at MC-BOOTSTRAP/cpw.mods.modlauncher@10.0.9/cpw.mods.modlauncher.Launcher.run(Launcher.java:108)
[14:42:39] [ERROR] !   at MC-BOOTSTRAP/cpw.mods.modlauncher@10.0.9/cpw.mods.modlauncher.Launcher.main(Launcher.java:78)
[14:42:39] [ERROR] !   at MC-BOOTSTRAP/cpw.mods.modlauncher@10.0.9/cpw.mods.modlauncher.BootstrapLaunchConsumer.accept(BootstrapLaunchConsumer.java:26)
[14:42:39] [ERROR] !   at MC-BOOTSTRAP/cpw.mods.modlauncher@10.0.9/cpw.mods.modlauncher.BootstrapLaunchConsumer.accept(BootstrapLaunchConsumer.java:23)
[14:42:39] [ERROR] !   at cpw.mods.bootstraplauncher@1.1.2/cpw.mods.bootstraplauncher.BootstrapLauncher.main(BootstrapLauncher.java:141)
[14:42:39] [INFO] Loaded 12/13 KubeJS server scripts in 0.019 s with 1 errors and 0 warnings
[14:42:39] [INFO] Scripts loaded
[14:42:39] [INFO] Initializing recipe event...
[14:42:44] [INFO] Processing recipes...
[14:42:44] [WARN] Failed to parse recipe 'allthearcanistgear:base_boots_to_allthemodium_boots_smithing[minecraft:smithing_transform]'! Falling back to vanilla: Ingredient 'base' can't be empty!
[14:42:44] [WARN] Failed to parse recipe 'exdeorum:sieve/dust/golden/yellorium_dust[exdeorum:sieve]'! Falling back to vanilla: ItemStack 'result' can't be empty
[14:42:44] [WARN] Failed to parse recipe 'exdeorum:sieve/dust/iron/yellorium_dust[exdeorum:sieve]'! Falling back to vanilla: ItemStack 'result' can't be empty
[14:42:45] [WARN] Failed to parse recipe 'allthearcanistgear:base_legs_to_allthemodium_leggings_smithing[minecraft:smithing_transform]'! Falling back to vanilla: Ingredient 'base' can't be empty!
[14:42:45] [WARN] Failed to parse recipe 'exdeorum:sieve/dust/string/yellorium_dust[exdeorum:sieve]'! Falling back to vanilla: ItemStack 'result' can't be empty
[14:42:45] [WARN] Failed to parse recipe 'allthearcanistgear:base_chest_to_allthemodium_robes_smithing[minecraft:smithing_transform]'! Falling back to vanilla: Ingredient 'base' can't be empty!
[14:42:45] [WARN] Failed to parse recipe 'exdeorum:sieve/dust/diamond/yellorium_dust[exdeorum:sieve]'! Falling back to vanilla: ItemStack 'result' can't be empty
[14:42:45] [WARN] Failed to parse recipe 'exdeorum:sieve/dust/netherite/yellorium_dust[exdeorum:sieve]'! Falling back to vanilla: ItemStack 'result' can't be empty
[14:42:45] [WARN] Failed to parse recipe 'allthecompressed:decompress/blaze_block_1x[minecraft:crafting_shapeless]'! Falling back to vanilla: ItemStack 'result' can't be empty!
[14:42:45] [WARN] Failed to parse recipe 'allthecompressed:decompress/wax_block_1x[minecraft:crafting_shapeless]'! Falling back to vanilla: ItemStack 'result' can't be empty!
[14:42:45] [WARN] Failed to parse recipe 'mekaweapons:module_arrowvelocity_unit[minecraft:crafting_shaped]'! Falling back to vanilla: ItemStack 'result' can't be empty!
[14:42:45] [WARN] Failed to parse recipe 'allthearcanistgear:base_hat_to_allthemodium_hat_smithing[minecraft:smithing_transform]'! Falling back to vanilla: Ingredient 'base' can't be empty!
[14:42:45] [WARN] Failed to parse recipe 'exdeorum:sieve/dust/flint/yellorium_dust[exdeorum:sieve]'! Falling back to vanilla: ItemStack 'result' can't be empty
[14:42:45] [WARN] Failed to parse recipe 'create_sa:andesite_exoskeleton_recipe[create:mechanical_crafting]'! Falling back to vanilla: ItemStack 'result' can't be empty!
[14:42:45] [INFO] Found 55192 recipes in 928.6 ms
[14:42:45] [ERROR] ! Error in 'ServerEvents.recipes': Invalid empty fluid 'powah:energy'
[14:42:45] [ERROR] ! com.google.gson.JsonSyntaxException: Invalid empty fluid 'powah:energy'
[14:42:45] [ERROR] !   at com.simibubi.create.foundation.fluid.FluidHelper.deserializeFluidStack(FluidHelper.java:151)
[14:42:45] [ERROR] !   at com.simibubi.create.foundation.fluid.FluidIngredient$FluidStackIngredient.readInternal(FluidIngredient.java:179)
[14:42:45] [ERROR] !   at com.simibubi.create.foundation.fluid.FluidIngredient.deserialize(FluidIngredient.java:131)
[14:42:45] [ERROR] !   at …kubejs.create.ProcessingRecipeSchema$ProcessingRecipeJS.readInputFluid(ProcessingRecipeSchema.java:89)
[14:42:45] [ERROR] !   at …kubejs.recipe.component.FluidComponents$1.read(FluidComponents.java:39)
[14:42:45] [ERROR] !   at …kubejs.recipe.component.FluidComponents$1.read(FluidComponents.java:16)
[14:42:45] [ERROR] !   at …kubejs.recipe.component.OrRecipeComponent.read(OrRecipeComponent.java:53)
[14:42:45] [ERROR] !   at …kubejs.recipe.component.OrRecipeComponent.read(OrRecipeComponent.java:14)
[14:42:45] [ERROR] !   at …kubejs.recipe.component.ArrayRecipeComponent.read(ArrayRecipeComponent.java:97)
[14:42:45] [ERROR] !   at …kubejs.recipe.component.ArrayRecipeComponent.read(ArrayRecipeComponent.java:16)
[14:42:45] [ERROR] !   at …kubejs.recipe.component.RecipeComponentWithParent.read(RecipeComponentWithParent.java:52)
[14:42:45] [ERROR] !   at …kubejs.recipe.component.RecipeComponent.readFromJson(RecipeComponent.java:170)
[14:42:45] [ERROR] !   at …kubejs.recipe.RecipeJS.deserialize(RecipeJS.java:74)
[14:42:45] [ERROR] !   at …kubejs.recipe.schema.RecipeSchema.deserialize(RecipeSchema.java:248)
[14:42:45] [ERROR] !   at …kubejs.recipe.RecipesEventJS.custom(RecipesEventJS.java:638)
[14:42:45] [ERROR] !   at java.lang.reflect.Method.invoke(Method.java:569)
[14:42:45] [ERROR] !   at …rhino.MemberBox.invoke(MemberBox.java:160)
[14:42:45] [ERROR] !   at …rhino.NativeJavaMethod.call(NativeJavaMethod.java:463)
[14:42:45] [ERROR] !   at …rhino.Interpreter.interpretLoop(Interpreter.java:986)
[14:42:45] [ERROR] !   at …rhino.Interpreter.interpret(Interpreter.java:370)
[14:42:45] [ERROR] !   at …rhino.InterpretedFunction.call(InterpretedFunction.java:72)
[14:42:45] [ERROR] !   at …rhino.Context.callSync(Context.java:1357)
[14:42:45] [ERROR] !   at …rhino.Context.doTopCall(Context.java:1374)
[14:42:45] [ERROR] !   at …rhino.InterpretedFunction.call(InterpretedFunction.java:70)
[14:42:45] [ERROR] !   at …rhino.Context.callSync(Context.java:1357)
[14:42:45] [ERROR] !   at …rhino.ArrowFunction.call(ArrowFunction.java:42)
[14:42:45] [ERROR] !   at …rhino.Context.callSync(Context.java:1357)
[14:42:45] [ERROR] !   at …rhino.InterfaceAdapter.invoke(InterfaceAdapter.java:125)
[14:42:45] [ERROR] !   at …rhino.VMBridge.lambda$newInterfaceProxy$0(VMBridge.java:74)
[14:42:45] [ERROR] !   at TRANSFORMER/jdk.proxy3/jdk.proxy3.$Proxy177.onEvent(Unknown Source)
[14:42:45] [ERROR] !   at …kubejs.event.EventHandlerContainer.handle(EventHandlerContainer.java:39)
[14:42:45] [ERROR] !   at …kubejs.event.EventHandler.postToHandlers(EventHandler.java:304)
[14:42:45] [ERROR] !   at …kubejs.event.EventHandler.post(EventHandler.java:272)
[14:42:45] [ERROR] !   at …kubejs.event.EventHandler.post(EventHandler.java:226)
[14:42:45] [ERROR] !   at …kubejs.event.EventHandler.post(EventHandler.java:189)
[14:42:45] [ERROR] !   at …kubejs.recipe.RecipesEventJS.post(RecipesEventJS.java:359)
[14:42:45] [ERROR] !   at net.minecraft.world.item.crafting.RecipeManager.handler$doo000$customRecipesHead(RecipeManager.java:4031)
[14:42:45] [ERROR] !   at net.minecraft.world.item.crafting.RecipeManager.m_5787_(RecipeManager.java)
[14:42:45] [ERROR] !   at net.minecraft.world.item.crafting.RecipeManager.m_5787_(RecipeManager.java:34)
[14:42:45] [ERROR] !   at net.minecraft.server.packs.resources.SimplePreparableReloadListener.m_10789_(SimplePreparableReloadListener.java:13)
[14:42:45] [ERROR] !   at java.util.concurrent.CompletableFuture$UniAccept.tryFire(CompletableFuture.java:718)
[14:42:45] [ERROR] !   at java.util.concurrent.CompletableFuture$Completion.run(CompletableFuture.java:482)
[14:42:45] [ERROR] !   at net.minecraft.server.packs.resources.SimpleReloadInstance.m_143940_(SimpleReloadInstance.java:69)
[14:42:45] [ERROR] !   at net.minecraft.util.thread.BlockableEventLoop.m_6367_(BlockableEventLoop.java:156)
[14:42:45] [ERROR] !   at net.minecraft.util.thread.ReentrantBlockableEventLoop.m_6367_(ReentrantBlockableEventLoop.java:23)
[14:42:45] [ERROR] !   at net.minecraft.util.thread.BlockableEventLoop.m_7245_(BlockableEventLoop.java:130)
[14:42:45] [ERROR] !   at net.minecraft.util.thread.BlockableEventLoop.m_18701_(BlockableEventLoop.java:139)
[14:42:45] [ERROR] !   at net.minecraft.client.Minecraft.m_18701_(Minecraft.java:3941)
[14:42:45] [ERROR] !   at net.minecraft.client.gui.screens.worldselection.WorldOpenFlows.m_246486_(WorldOpenFlows.java:163)
[14:42:45] [ERROR] !   at net.minecraft.client.gui.screens.worldselection.WorldOpenFlows.m_233122_(WorldOpenFlows.java:113)
[14:42:45] [ERROR] !   at net.minecraft.client.gui.screens.worldselection.WorldOpenFlows.doLoadLevel(WorldOpenFlows.java:181)
[14:42:45] [ERROR] !   at net.minecraft.client.gui.screens.worldselection.WorldOpenFlows.m_233145_(WorldOpenFlows.java:169)
[14:42:45] [ERROR] !   at net.minecraft.client.gui.screens.worldselection.WorldOpenFlows.m_233133_(WorldOpenFlows.java:65)
[14:42:45] [ERROR] !   at net.minecraft.client.gui.screens.worldselection.WorldSelectionList$WorldListEntry.m_101744_(WorldSelectionList.java:575)
[14:42:45] [ERROR] !   at net.minecraft.client.gui.screens.worldselection.WorldSelectionList$WorldListEntry.m_101704_(WorldSelectionList.java:474)
[14:42:45] [ERROR] !   at net.minecraft.client.gui.screens.worldselection.WorldSelectionList$WorldListEntry.m_6375_(WorldSelectionList.java:413)
[14:42:45] [ERROR] !   at net.minecraft.client.gui.components.AbstractSelectionList.m_6375_(AbstractSelectionList.java:298)
[14:42:45] [ERROR] !   at net.minecraft.client.gui.components.events.ContainerEventHandler.m_6375_(ContainerEventHandler.java:38)
[14:42:45] [ERROR] !   at net.minecraft.client.MouseHandler.m_168084_(MouseHandler.java:92)
[14:42:45] [ERROR] !   at net.minecraft.client.gui.screens.Screen.m_96579_(Screen.java:437)
[14:42:45] [ERROR] !   at net.minecraft.client.MouseHandler.m_91530_(MouseHandler.java:89)
[14:42:45] [ERROR] !   at net.minecraft.client.MouseHandler.m_168091_(MouseHandler.java:189)
[14:42:45] [ERROR] !   at net.minecraft.util.thread.BlockableEventLoop.execute(BlockableEventLoop.java:102)
[14:42:45] [ERROR] !   at net.minecraft.client.MouseHandler.m_91565_(MouseHandler.java:188)
[14:42:45] [ERROR] !   at MC-BOOTSTRAP/org.lwjgl.glfw@3.3.1+7/org.lwjgl.glfw.GLFWMouseButtonCallbackI.callback(GLFWMouseButtonCallbackI.java:43)
[14:42:45] [ERROR] !   at MC-BOOTSTRAP/org.lwjgl@3.3.1+7/org.lwjgl.system.JNI.invokeV(Native Method)
[14:42:45] [ERROR] !   at MC-BOOTSTRAP/org.lwjgl.glfw@3.3.1+7/org.lwjgl.glfw.GLFW.glfwWaitEventsTimeout(GLFW.java:3474)
[14:42:45] [ERROR] !   at com.mojang.blaze3d.systems.RenderSystem.limitDisplayFPS(RenderSystem.java:237)
[14:42:45] [ERROR] !   at net.minecraft.client.Minecraft.m_91383_(Minecraft.java:1173)
[14:42:45] [ERROR] !   at net.minecraft.client.Minecraft.m_91374_(Minecraft.java:718)
[14:42:45] [ERROR] !   at net.minecraft.client.main.Main.main(Main.java:218)
[14:42:45] [ERROR] !   at java.lang.reflect.Method.invoke(Method.java:569)
[14:42:45] [ERROR] !   at MC-BOOTSTRAP/fmlloader@1.20.1-47.4.9/net.minecraftforge.fml.loading.targets.CommonLaunchHandler.runTarget(CommonLaunchHandler.java:111)
[14:42:45] [ERROR] !   at MC-BOOTSTRAP/fmlloader@1.20.1-47.4.9/net.minecraftforge.fml.loading.targets.CommonLaunchHandler.clientService(CommonLaunchHandler.java:99)
[14:42:45] [ERROR] !   at MC-BOOTSTRAP/fmlloader@1.20.1-47.4.9/net.minecraftforge.fml.loading.targets.CommonClientLaunchHandler.lambda$makeService$0(CommonClientLaunchHandler.java:25)
[14:42:45] [ERROR] !   at MC-BOOTSTRAP/cpw.mods.modlauncher@10.0.9/cpw.mods.modlauncher.LaunchServiceHandlerDecorator.launch(LaunchServiceHandlerDecorator.java:30)
[14:42:45] [ERROR] !   at MC-BOOTSTRAP/cpw.mods.modlauncher@10.0.9/cpw.mods.modlauncher.LaunchServiceHandler.launch(LaunchServiceHandler.java:53)
[14:42:45] [ERROR] !   at MC-BOOTSTRAP/cpw.mods.modlauncher@10.0.9/cpw.mods.modlauncher.LaunchServiceHandler.launch(LaunchServiceHandler.java:71)
[14:42:45] [ERROR] !   at MC-BOOTSTRAP/cpw.mods.modlauncher@10.0.9/cpw.mods.modlauncher.Launcher.run(Launcher.java:108)
[14:42:45] [ERROR] !   at MC-BOOTSTRAP/cpw.mods.modlauncher@10.0.9/cpw.mods.modlauncher.Launcher.main(Launcher.java:78)
[14:42:45] [ERROR] !   at MC-BOOTSTRAP/cpw.mods.modlauncher@10.0.9/cpw.mods.modlauncher.BootstrapLaunchConsumer.accept(BootstrapLaunchConsumer.java:26)
[14:42:45] [ERROR] !   at MC-BOOTSTRAP/cpw.mods.modlauncher@10.0.9/cpw.mods.modlauncher.BootstrapLaunchConsumer.accept(BootstrapLaunchConsumer.java:23)
[14:42:45] [ERROR] !   at cpw.mods.bootstraplauncher@1.1.2/cpw.mods.bootstraplauncher.BootstrapLauncher.main(BootstrapLauncher.java:141)
[14:42:45] [INFO] Posted recipe events in 18.45 ms
[14:42:45] [WARN] Error parsing recipe allthemodium:smeltery/casting/alloys/vibranium_allthemodium_alloy_ingot[tconstruct:casting_table]: {"type":"tconstruct:casting_table","cast":{"item":"allthemodium:piglich_heart"},"cast_consumed":true,"fluid":{"name":"allthemodium:molten_atmvib","amount":90},"result":"allthemodium:vibranium_allthemodium_alloy_ingot","cooling_time":740,"conditions":[{"type":"forge:mod_loaded","modid":"tconstruct"}]}: Unable to parse name as registry minecraft:fluid does not contain ID allthemodium:molten_atmvib
[14:42:45] [WARN] Error parsing recipe allthecompressed:decompress/blaze_block_1x[minecraft:crafting_shapeless]: {"type":"minecraft:crafting_shapeless","category":"building","ingredients":[{"item":"allthecompressed:blaze_block_1x"}],"result":{"count":9,"item":"botania:blaze_block"}}: Unknown item 'botania:blaze_block'
[14:42:45] [WARN] Error parsing recipe skyblock_resources:compat/ae2/stone_sky_stone_generator[skyblock_resources:set_generator_gui]: {"conditions":[{"type":"forge:mod_loaded","modid":"ae2"}],"type":"skyblock_resources:set_generator_gui","ingredients":[{"item":"ae2:sky_stone"},{"item":"skyblock_resources:stone_empty_generator"}],"output":{"item":"skyblock_resources:stone_sky_stone_generator","count":1}}: Unknown item 'ae2:sky_stone'
[14:42:45] [WARN] Error parsing recipe mob_grinding_utils:beheading/piglin[mob_grinding_utils:beheading]: {"type":"mob_grinding_utils:beheading","entity":"minecraft:piglin","result":{"item":"tconstruct:piglin_head"}}: Expected item to be an item, was unknown string 'tconstruct:piglin_head'
[14:42:45] [WARN] Error parsing recipe exdeorum:compressed_sieve/dust/golden/yellorium_dust[exdeorum:compressed_sieve]: {"type":"exdeorum:compressed_sieve","ingredient":{"tag":"exdeorum:compressed/dust"},"mesh":"exdeorum:golden_mesh","result":"biggerreactors:yellorium_dust","result_amount":{"type":"minecraft:binomial","n":7.0,"p":0.1}}: Unknown item 'biggerreactors:yellorium_dust'
[14:42:45] [WARN] Error parsing recipe skyblock_resources:compat/ae2/diamond_sky_stone_items_generator[skyblock_resources:generator_items]: {"conditions":[{"type":"forge:mod_loaded","modid":"ae2"}],"type":"skyblock_resources:generator_items","ingredients":[{"item":"skyblock_resources:diamond_sky_stone_generator"}],"output":{"item":"ae2:sky_stone","count":32}}: Unknown item 'ae2:sky_stone'
[14:42:45] [WARN] Error parsing recipe allthecompressed:decompress/wax_block_1x[minecraft:crafting_shapeless]: {"type":"minecraft:crafting_shapeless","category":"building","ingredients":[{"item":"allthecompressed:wax_block_1x"}],"result":{"count":9,"item":"productivebees:wax_block"}}: Unknown item 'productivebees:wax_block'
[14:42:45] [WARN] Error parsing recipe skyblock_resources:compat/ae2/gold_sky_stone_items_generator[skyblock_resources:generator_items]: {"conditions":[{"type":"forge:mod_loaded","modid":"ae2"}],"type":"skyblock_resources:generator_items","ingredients":[{"item":"skyblock_resources:gold_sky_stone_generator"}],"output":{"item":"ae2:sky_stone","count":16}}: Unknown item 'ae2:sky_stone'
[14:42:45] [WARN] Error parsing recipe exdeorum:compressed_sieve/dust/flint/yellorium_dust[exdeorum:compressed_sieve]: {"type":"exdeorum:compressed_sieve","ingredient":{"tag":"exdeorum:compressed/dust"},"mesh":"exdeorum:flint_mesh","result":"biggerreactors:yellorium_dust","result_amount":{"type":"minecraft:binomial","n":7.0,"p":0.055}}: Unknown item 'biggerreactors:yellorium_dust'
[14:42:45] [WARN] Error parsing recipe allthemodium:smeltery/alloys/molten_atmunob[tconstruct:alloy]: {"type":"tconstruct:alloy","inputs":[{"tag":"forge:molten_allthemodium","amount":90},{"tag":"forge:molten_unobtainium","amount":90}],"result":{"fluid":"allthemodium:molten_atmunob","amount":90},"temperature":9000,"conditions":[{"type":"forge:mod_loaded","modid":"tconstruct"}]}: Unable to parse fluid as registry minecraft:fluid does not contain ID allthemodium:molten_atmunob
[14:42:45] [WARN] Error parsing recipe mekaweapons:module_arrowvelocity_unit[minecraft:crafting_shaped]: {"type":"minecraft:crafting_shaped","result":{"item":"mekaweapons:module_arrowvelocity_unit"},"pattern":["sbs","ama","ppp"],"key":{"m":{"item":"mekanism:module_base"},"p":{"item":"mekanism:pellet_polonium"},"b":{"item":"minecraft:arrow"},"a":{"item":"mekanism:alloy_reinforced"},"s":{"item":"mekanism:upgrade_speed"}}}: Unknown item 'mekaweapons:module_arrowvelocity_unit'
[14:42:45] [WARN] Error parsing recipe allthemodium:smeltery/casting/alloys/unobtainium_vibranium_alloy_ingot[tconstruct:casting_table]: {"type":"tconstruct:casting_table","cast":{"item":"allthemodium:piglich_heart"},"cast_consumed":true,"fluid":{"name":"allthemodium:molten_vibunob","amount":90},"result":"allthemodium:unobtainium_vibranium_alloy_ingot","cooling_time":1804,"conditions":[{"type":"forge:mod_loaded","modid":"tconstruct"}]}: Unable to parse name as registry minecraft:fluid does not contain ID allthemodium:molten_vibunob
[14:42:45] [WARN] Error parsing recipe skyblock_resources:compat/ae2/gold_sky_stone_generator[skyblock_resources:set_generator_gui]: {"conditions":[{"type":"forge:mod_loaded","modid":"ae2"}],"type":"skyblock_resources:set_generator_gui","ingredients":[{"item":"ae2:sky_stone"},{"item":"skyblock_resources:gold_empty_generator"}],"output":{"item":"skyblock_resources:gold_sky_stone_generator","count":1}}: Unknown item 'ae2:sky_stone'
[14:42:45] [WARN] Error parsing recipe allthecompressed:compress/blaze_block_1x[minecraft:crafting_shaped]: {"type":"minecraft:crafting_shaped","category":"building","key":{},"pattern":["   ","   ","   "],"result":{"item":"allthecompressed:blaze_block_1x"},"show_notification":true}: Index 0 out of bounds for length 0
[14:42:45] [WARN] Error parsing recipe skyblock_resources:compat/ae2/netherite_sky_stone_items_generator[skyblock_resources:generator_items]: {"conditions":[{"type":"forge:mod_loaded","modid":"ae2"}],"type":"skyblock_resources:generator_items","ingredients":[{"item":"skyblock_resources:netherite_sky_stone_generator"}],"output":{"item":"ae2:sky_stone","count":64}}: Unknown item 'ae2:sky_stone'
[14:42:45] [WARN] Error parsing recipe skyblock_resources:compat/ae2/diamond_sky_stone_generator[skyblock_resources:set_generator_gui]: {"conditions":[{"type":"forge:mod_loaded","modid":"ae2"}],"type":"skyblock_resources:set_generator_gui","ingredients":[{"item":"ae2:sky_stone"},{"item":"skyblock_resources:diamond_empty_generator"}],"output":{"item":"skyblock_resources:diamond_sky_stone_generator","count":1}}: Unknown item 'ae2:sky_stone'
[14:42:45] [WARN] Error parsing recipe allthemodium:smeltery/casting/alloys/unobtainium_allthemodium_alloy_ingot[tconstruct:casting_table]: {"type":"tconstruct:casting_table","cast":{"item":"allthemodium:piglich_heart"},"cast_consumed":true,"fluid":{"name":"allthemodium:molten_atmunob","amount":90},"result":"allthemodium:unobtainium_allthemodium_alloy_ingot","cooling_time":1209,"conditions":[{"type":"forge:mod_loaded","modid":"tconstruct"}]}: Unable to parse name as registry minecraft:fluid does not contain ID allthemodium:molten_atmunob
[14:42:45] [WARN] Error parsing recipe exdeorum:sieve/dust/diamond/yellorium_dust[exdeorum:sieve]: {"type":"exdeorum:sieve","ingredient":{"item":"exdeorum:dust"},"mesh":"exdeorum:diamond_mesh","result":"biggerreactors:yellorium_dust","result_amount":{"type":"minecraft:binomial","n":1.0,"p":0.12}}: Unknown item 'biggerreactors:yellorium_dust'
[14:42:45] [WARN] Error parsing recipe skyblock_resources:compat/ae2/iron_sky_stone_items_generator[skyblock_resources:generator_items]: {"conditions":[{"type":"forge:mod_loaded","modid":"ae2"}],"type":"skyblock_resources:generator_items","ingredients":[{"item":"skyblock_resources:iron_sky_stone_generator"}],"output":{"item":"ae2:sky_stone","count":4}}: Unknown item 'ae2:sky_stone'
[14:42:45] [WARN] Error parsing recipe skyblock_resources:compat/ae2/stone_sky_stone_items_generator[skyblock_resources:generator_items]: {"conditions":[{"type":"forge:mod_loaded","modid":"ae2"}],"type":"skyblock_resources:generator_items","ingredients":[{"item":"skyblock_resources:stone_sky_stone_generator"}],"output":{"item":"ae2:sky_stone","count":2}}: Unknown item 'ae2:sky_stone'
[14:42:45] [WARN] Error parsing recipe exdeorum:compressed_sieve/dust/iron/yellorium_dust[exdeorum:compressed_sieve]: {"type":"exdeorum:compressed_sieve","ingredient":{"tag":"exdeorum:compressed/dust"},"mesh":"exdeorum:iron_mesh","result":"biggerreactors:yellorium_dust","result_amount":{"type":"minecraft:binomial","n":7.0,"p":0.08}}: Unknown item 'biggerreactors:yellorium_dust'
[14:42:45] [WARN] Error parsing recipe exdeorum:compressed_sieve/dust/diamond/yellorium_dust[exdeorum:compressed_sieve]: {"type":"exdeorum:compressed_sieve","ingredient":{"tag":"exdeorum:compressed/dust"},"mesh":"exdeorum:diamond_mesh","result":"biggerreactors:yellorium_dust","result_amount":{"type":"minecraft:binomial","n":7.0,"p":0.12}}: Unknown item 'biggerreactors:yellorium_dust'
[14:42:45] [WARN] Error parsing recipe exdeorum:sieve/dust/netherite/yellorium_dust[exdeorum:sieve]: {"type":"exdeorum:sieve","ingredient":{"item":"exdeorum:dust"},"mesh":"exdeorum:netherite_mesh","result":"biggerreactors:yellorium_dust","result_amount":{"type":"minecraft:binomial","n":1.0,"p":0.14}}: Unknown item 'biggerreactors:yellorium_dust'
[14:42:45] [WARN] Error parsing recipe skyblock_resources:compat/ae2/wooden_sky_stone_items_generator[skyblock_resources:generator_items]: {"conditions":[{"type":"forge:mod_loaded","modid":"ae2"}],"type":"skyblock_resources:generator_items","ingredients":[{"item":"skyblock_resources:wooden_sky_stone_generator"}],"output":{"item":"ae2:sky_stone","count":1}}: Unknown item 'ae2:sky_stone'
[14:42:45] [WARN] Error parsing recipe skyblock_resources:compat/ae2/iron_sky_stone_generator[skyblock_resources:set_generator_gui]: {"conditions":[{"type":"forge:mod_loaded","modid":"ae2"}],"type":"skyblock_resources:set_generator_gui","ingredients":[{"item":"ae2:sky_stone"},{"item":"skyblock_resources:iron_empty_generator"}],"output":{"item":"skyblock_resources:iron_sky_stone_generator","count":1}}: Unknown item 'ae2:sky_stone'
[14:42:45] [WARN] Error parsing recipe exdeorum:sieve/dust/iron/yellorium_dust[exdeorum:sieve]: {"type":"exdeorum:sieve","ingredient":{"item":"exdeorum:dust"},"mesh":"exdeorum:iron_mesh","result":"biggerreactors:yellorium_dust","result_amount":{"type":"minecraft:binomial","n":1.0,"p":0.08}}: Unknown item 'biggerreactors:yellorium_dust'
[14:42:46] [WARN] Error parsing recipe skyblock_resources:compat/ae2/wooden_sky_stone_generator[skyblock_resources:set_generator_gui]: {"conditions":[{"type":"forge:mod_loaded","modid":"ae2"}],"type":"skyblock_resources:set_generator_gui","ingredients":[{"item":"ae2:sky_stone"},{"item":"skyblock_resources:wooden_empty_generator"}],"output":{"item":"skyblock_resources:wooden_sky_stone_generator","count":1}}: Unknown item 'ae2:sky_stone'
[14:42:46] [WARN] Error parsing recipe create_sa:andesite_exoskeleton_recipe[create:mechanical_crafting]: {"type":"create:mechanical_crafting","accept_mirrored":false,"category":"misc","key":{"0":{"item":"create:andesite_alloy"},"1":{"item":"create:shaft"},"2":{"item":"create:belt_connector"},"3":{"item":"create_sa:heat_engine"},"4":{"tag":"c:ingots/zinc"},"5":{"tag":"c:stones"}},"pattern":["01210","00300","54045"],"result":{"count":1,"id":"create_sa:andesite_exoskeleton_chestplate"},"show_notification":false}: Missing item, expected to find a string
[14:42:46] [WARN] Error parsing recipe exdeorum:sieve/dust/golden/yellorium_dust[exdeorum:sieve]: {"type":"exdeorum:sieve","ingredient":{"item":"exdeorum:dust"},"mesh":"exdeorum:golden_mesh","result":"biggerreactors:yellorium_dust","result_amount":{"type":"minecraft:binomial","n":1.0,"p":0.1}}: Unknown item 'biggerreactors:yellorium_dust'
[14:42:46] [WARN] Error parsing recipe skyblock_resources:compat/ae2/netherite_sky_stone_generator[skyblock_resources:set_generator_gui]: {"conditions":[{"type":"forge:mod_loaded","modid":"ae2"}],"type":"skyblock_resources:set_generator_gui","ingredients":[{"item":"ae2:sky_stone"},{"item":"skyblock_resources:netherite_empty_generator"}],"output":{"item":"skyblock_resources:netherite_sky_stone_generator","count":1}}: Unknown item 'ae2:sky_stone'
[14:42:46] [WARN] Error parsing recipe allthemodium:smeltery/alloys/molten_atmvib[tconstruct:alloy]: {"type":"tconstruct:alloy","inputs":[{"tag":"forge:molten_allthemodium","amount":90},{"tag":"forge:molten_vibranium","amount":90}],"result":{"fluid":"allthemodium:molten_atmvib","amount":90},"temperature":9000,"conditions":[{"type":"forge:mod_loaded","modid":"tconstruct"}]}: Unable to parse fluid as registry minecraft:fluid does not contain ID allthemodium:molten_atmvib
[14:42:46] [WARN] Error parsing recipe exdeorum:sieve/dust/string/yellorium_dust[exdeorum:sieve]: {"type":"exdeorum:sieve","ingredient":{"item":"exdeorum:dust"},"mesh":"exdeorum:string_mesh","result":"biggerreactors:yellorium_dust","result_amount":{"type":"minecraft:binomial","n":1.0,"p":0.05}}: Unknown item 'biggerreactors:yellorium_dust'
[14:42:46] [WARN] Error parsing recipe allthecompressed:compress/wax_block_1x[minecraft:crafting_shaped]: {"type":"minecraft:crafting_shaped","category":"building","key":{},"pattern":["   ","   ","   "],"result":{"item":"allthecompressed:wax_block_1x"},"show_notification":true}: Index 0 out of bounds for length 0
[14:42:46] [WARN] Error parsing recipe allthemodium:smeltery/alloys/molten_vibunob[tconstruct:alloy]: {"type":"tconstruct:alloy","inputs":[{"tag":"forge:molten_vibranium","amount":90},{"tag":"forge:molten_unobtainium","amount":90}],"result":{"fluid":"allthemodium:molten_vibunob","amount":90},"temperature":9000,"conditions":[{"type":"forge:mod_loaded","modid":"tconstruct"}]}: Unable to parse fluid as registry minecraft:fluid does not contain ID allthemodium:molten_vibunob
[14:42:46] [WARN] Error parsing recipe exdeorum:compressed_sieve/dust/string/yellorium_dust[exdeorum:compressed_sieve]: {"type":"exdeorum:compressed_sieve","ingredient":{"tag":"exdeorum:compressed/dust"},"mesh":"exdeorum:string_mesh","result":"biggerreactors:yellorium_dust","result_amount":{"type":"minecraft:binomial","n":7.0,"p":0.05}}: Unknown item 'biggerreactors:yellorium_dust'
[14:42:46] [WARN] Error parsing recipe exdeorum:sieve/dust/flint/yellorium_dust[exdeorum:sieve]: {"type":"exdeorum:sieve","ingredient":{"item":"exdeorum:dust"},"mesh":"exdeorum:flint_mesh","result":"biggerreactors:yellorium_dust","result_amount":{"type":"minecraft:binomial","n":1.0,"p":0.055}}: Unknown item 'biggerreactors:yellorium_dust'
[14:42:46] [WARN] Error parsing recipe exdeorum:compressed_sieve/dust/netherite/yellorium_dust[exdeorum:compressed_sieve]: {"type":"exdeorum:compressed_sieve","ingredient":{"tag":"exdeorum:compressed/dust"},"mesh":"exdeorum:netherite_mesh","result":"biggerreactors:yellorium_dust","result_amount":{"type":"minecraft:binomial","n":7.0,"p":0.14}}: Unknown item 'biggerreactors:yellorium_dust'
[14:42:46] [INFO] Added 24 recipes, removed 0 recipes, modified 2 recipes, with 37 failed recipes in 1.037 s
[14:42:48] [INFO] Server resource reload complete!
